[14:32:12] (STATUS) Connected to 192.168.1.50
[14:32:12] (STATUS) 192.168.1.50 will send 49 headers

[14:32:12] (HEADER) Received headers of bondrewd__01.jpg
[14:32:12] (HEADER) Received headers of 0K8RZxC.png
[14:32:12] (HEADER) Received headers of itachi_family.jpg
[14:32:12] (HEADER) Received headers of jujutsu kaisen characters.jpg
[14:32:12] (HEADER) Received headers of 47cctiwp4sc71.png
[14:32:12] (HEADER) Received headers of 36631.jpg
[14:32:12] (HEADER) Received headers of Sitting on the window.jpg
[14:32:12] (HEADER) Received headers of summer ghost.jpg
[14:32:12] (HEADER) Received headers of ErXlCYSVEAI8ztE Cropped.jpg
[14:32:12] (HEADER) Received headers of 36627.png
[14:32:12] (HEADER) Received headers of XwHUQPG.jpg
[14:32:12] (HEADER) Received headers of uws0saeq9ql71.jpg
[14:32:12] (HEADER) Received headers of 880844.png
[14:32:12] (HEADER) Received headers of ErXlCYSVEAI8ztE.jpeg
[14:32:12] (HEADER) Received headers of MmBT7pyyb13MsSvsro2pcTfOtCIUaX1QuluRk8cEihE.jpg
[14:32:12] (HEADER) Received headers of 880844 (copy).png
[14:32:12] (HEADER) Received headers of qWyDCeu.jpg
[14:32:12] (HEADER) Received headers of anime_cat_person.png
[14:32:12] (HEADER) Received headers of 77756214_p0_master1200.jpg
[14:32:12] (HEADER) Received headers of samurai_doge.jpg
[14:32:12] (HEADER) Received headers of itachi_tree.jpg
[14:32:12] (HEADER) Received headers of taming_demon.jpg
[14:32:12] (HEADER) Received headers of plains.jpg
[14:32:12] (HEADER) Received headers of gmxwj1xhl2671.png
[14:32:12] (HEADER) Received headers of 1HP6sxe.png
[14:32:12] (HEADER) Received headers of wp2821386.jpg
[14:32:12] (HEADER) Received headers of wp7966219-bondrewd-wallpapers.png
[14:32:12] (HEADER) Received headers of kyO4Q71.png
[14:32:12] (HEADER) Received headers of 616c557bafe89.jpg
[14:32:12] (HEADER) Received headers of sal80e0a7f671.jpg
[14:32:12] (HEADER) Received headers of japanese_room.jpg
[14:32:12] (HEADER) Received headers of 103leff26t671.jpg
[14:32:12] (HEADER) Received headers of o0cvlefjnsp71.jpg
[14:32:12] (HEADER) Received headers of 4213052.png
[14:32:12] (HEADER) Received headers of wallpaperflare.com_wallpaper.jpg
[14:32:12] (HEADER) Received headers of Just a little more.png
[14:32:12] (HEADER) Received headers of itachi_sharingan.jpg
[14:32:12] (HEADER) Received headers of tsushima.jpg
[14:32:12] (HEADER) Received headers of remember_us.jpg
[14:32:12] (HEADER) Received headers of violet_evergarden_rain.jpg
[14:32:12] (HEADER) Received headers of japanese_text.jpg
[14:32:12] (HEADER) Received headers of 85mlnbvttqk71.jpg
[14:32:12] (HEADER) Received headers of d95vefqn7nn71.png
[14:32:12] (HEADER) Received headers of japan.jpeg
[14:32:12] (HEADER) Received headers of wind_and_trees.jpg
[14:32:12] (HEADER) Received headers of 36630.jpg
[14:32:12] (HEADER) Received headers of jujutsu kaisen sofa.jpg
[14:32:12] (HEADER) Received headers of 3xfl82pbjfc71.jpg
[14:32:12] (HEADER) Received headers of 4irtiy2f2uk71.png

[14:32:12] (INFO) Uncommon aops volume 2 and beyond solutions.pdf
[14:32:12] (INFO) Uncommon Advanced Programming in the UNIX Environment (2013) (copy).pdf
[14:32:12] (INFO) Uncommon Die unendliche Geschichte.pdf
[14:32:12] (INFO) Uncommon Novels
[14:32:12] (INFO) Uncommon Genki Textbook 1 -  3rd Edition.pdf
[14:32:12] (INFO) Uncommon (AOPS Art of Problem Solving Math Olympiad) Mathew Crawford - Introduction to Number Theory-MIST Academy Mathematics Olympiad (2019).pdf
[14:32:12] (INFO) Uncommon 21st Century C_ C Tips from the New School (copy).pdf
[14:32:12] (INFO) Uncommon Hyouka
[14:32:12] (INFO) Uncommon Michael Ende - Momo.pdf
[14:32:12] (INFO) Uncommon aops volume 1 the basics solutions.pdf
[14:32:12] (INFO) Uncommon Seishun Buta Yarou
[14:32:12] (INFO) Uncommon aops volume 2 and beyond.pdf
[14:32:12] (INFO) Uncommon Beej’s Guide to Network Programming Using Internet Sockets.pdf
[14:32:12] (INFO) Uncommon Anna_Karenina_NT.pdf
[14:32:12] (INFO) Uncommon Mitchell M., Oldham J., Samuel A. - Advanced Linux Programming-Sams (2001).pdf
[14:32:12] (INFO) Uncommon Trigonometric Identities.pdf
[14:32:12] (INFO) Uncommon UNIX Network Programming, Volume 1, Third Edition, The Sockets Networking API.pdf
[14:32:12] (INFO) Uncommon Art
[14:32:12] (INFO) Uncommon Concepts of Physics Part 1.pdf
[14:32:12] (INFO) Uncommon Concepts of Physics Part 1 (copy).pdf
[14:32:12] (INFO) Uncommon windows commands.pdf
[14:32:12] (INFO) Uncommon 1300 Math Formulas.pdf
[14:32:12] (INFO) Uncommon C Programming - A Modern Approach (copy).pdf
[14:32:12] (INFO) Uncommon Oregairu
[14:32:12] (INFO) Uncommon Trigonometric Values.pdf
[14:32:12] (INFO) Uncommon Die Abenteuer des Tom Sawyer.pdf
[14:32:12] (INFO) Uncommon chemistry A Molecular Approach 5th edition.pdf
[14:32:12] (INFO) Uncommon Naruto
[14:32:12] (INFO) Uncommon AOPS An Intruduction to Number Theory.pdf
[14:32:12] (INFO) Uncommon APOS Volume 1: The Basics.pdf
[14:32:12] (INFO) Uncommon ZellePython.pdf
[14:32:12] (INFO) Uncommon Advanced Programming in the UNIX Environment (2013).pdf
[14:32:12] (INFO) Uncommon Hacker’s Delight.pdf
[14:32:12] (INFO) Uncommon C Programming Language.djvu
[14:32:12] (INFO) Uncommon Milan Kundera - The Unbearable Lightness of Being (1999).pdf
[14:32:12] (INFO) Uncommon C Programming - A Modern Approach.pdf
[14:32:12] (INFO) Uncommon Problem Primer for the Olympiad.pdf
[14:32:12] (INFO) Uncommon Linux Device Drivers.pdf
[14:32:12] (INFO) Uncommon 21st Century C_ C Tips from the New School.pdf

[14:32:12] (STATUS) Client needs 39 files

[14:32:12] (HEADER) Sending headers of 21st Century C_ C Tips from the New School.pdf
[14:32:12] (FILE) Sending 21st Century C_ C Tips from the New School.pdf
[14:32:13] (HEADER) Sending headers of Linux Device Drivers.pdf
[14:32:13] (FILE) Sending Linux Device Drivers.pdf
[14:32:14] (HEADER) Sending headers of Problem Primer for the Olympiad.pdf
[14:32:14] (FILE) Sending Problem Primer for the Olympiad.pdf
[14:32:14] (HEADER) Sending headers of C Programming - A Modern Approach.pdf
[14:32:14] (FILE) Sending C Programming - A Modern Approach.pdf
[14:32:18] (HEADER) Sending headers of Milan Kundera - The Unbearable Lightness of Being (1999).pdf
[14:32:18] (FILE) Sending Milan Kundera - The Unbearable Lightness of Being (1999).pdf
[14:32:19] (HEADER) Sending headers of C Programming Language.djvu
[14:32:19] (FILE) Sending C Programming Language.djvu
[14:32:19] (HEADER) Sending headers of Hacker’s Delight.pdf
[14:32:19] (FILE) Sending Hacker’s Delight.pdf
[14:32:20] (HEADER) Sending headers of Advanced Programming in the UNIX Environment (2013).pdf
[14:32:20] (FILE) Sending Advanced Programming in the UNIX Environment (2013).pdf
[14:32:22] (HEADER) Sending headers of ZellePython.pdf
[14:32:22] (FILE) Sending ZellePython.pdf
[14:32:23] (HEADER) Sending headers of APOS Volume 1: The Basics.pdf
[14:32:23] (FILE) Sending APOS Volume 1: The Basics.pdf
[14:32:23] (HEADER) Sending headers of AOPS An Intruduction to Number Theory.pdf
[14:32:23] (FILE) Sending AOPS An Intruduction to Number Theory.pdf
[14:33:47] (STATUS) Connected to 192.168.1.50
[14:33:47] (STATUS) 192.168.1.50 will send 50 headers

[14:33:47] (HEADER) Received headers of bondrewd__01.jpg
[14:33:47] (HEADER) Received headers of 0K8RZxC.png
[14:33:47] (HEADER) Received headers of itachi_family.jpg
[14:33:47] (HEADER) Received headers of jujutsu kaisen characters.jpg
[14:33:47] (HEADER) Received headers of 47cctiwp4sc71.png
[14:33:47] (HEADER) Received headers of 36631.jpg
[14:33:47] (HEADER) Received headers of Sitting on the window.jpg
[14:33:47] (HEADER) Received headers of summer ghost.jpg
[14:33:47] (HEADER) Received headers of ErXlCYSVEAI8ztE Cropped.jpg
[14:33:47] (HEADER) Received headers of 36627.png
[14:33:47] (HEADER) Received headers of C Programming Language.djvu
[14:33:47] (HEADER) Received headers of XwHUQPG.jpg
[14:33:47] (HEADER) Received headers of uws0saeq9ql71.jpg
[14:33:47] (HEADER) Received headers of 880844.png
[14:33:47] (HEADER) Received headers of ErXlCYSVEAI8ztE.jpeg
[14:33:47] (HEADER) Received headers of MmBT7pyyb13MsSvsro2pcTfOtCIUaX1QuluRk8cEihE.jpg
[14:33:47] (HEADER) Received headers of 880844 (copy).png
[14:33:47] (HEADER) Received headers of qWyDCeu.jpg
[14:33:47] (HEADER) Received headers of anime_cat_person.png
[14:33:47] (HEADER) Received headers of 77756214_p0_master1200.jpg
[14:33:47] (HEADER) Received headers of samurai_doge.jpg
[14:33:47] (HEADER) Received headers of itachi_tree.jpg
[14:33:47] (HEADER) Received headers of taming_demon.jpg
[14:33:47] (HEADER) Received headers of plains.jpg
[14:33:47] (HEADER) Received headers of gmxwj1xhl2671.png
[14:33:47] (HEADER) Received headers of 1HP6sxe.png
[14:33:47] (HEADER) Received headers of wp2821386.jpg
[14:33:47] (HEADER) Received headers of wp7966219-bondrewd-wallpapers.png
[14:33:47] (HEADER) Received headers of kyO4Q71.png
[14:33:47] (HEADER) Received headers of 616c557bafe89.jpg
[14:33:47] (HEADER) Received headers of sal80e0a7f671.jpg
[14:33:47] (HEADER) Received headers of japanese_room.jpg
[14:33:47] (HEADER) Received headers of 103leff26t671.jpg
[14:33:47] (HEADER) Received headers of o0cvlefjnsp71.jpg
[14:33:47] (HEADER) Received headers of 4213052.png
[14:33:47] (HEADER) Received headers of wallpaperflare.com_wallpaper.jpg
[14:33:47] (HEADER) Received headers of Just a little more.png
[14:33:47] (HEADER) Received headers of itachi_sharingan.jpg
[14:33:47] (HEADER) Received headers of tsushima.jpg
[14:33:47] (HEADER) Received headers of remember_us.jpg
[14:33:47] (HEADER) Received headers of violet_evergarden_rain.jpg
[14:33:47] (HEADER) Received headers of japanese_text.jpg
[14:33:47] (HEADER) Received headers of 85mlnbvttqk71.jpg
[14:33:47] (HEADER) Received headers of d95vefqn7nn71.png
[14:33:47] (HEADER) Received headers of japan.jpeg
[14:33:47] (HEADER) Received headers of wind_and_trees.jpg
[14:33:47] (HEADER) Received headers of 36630.jpg
[14:33:47] (HEADER) Received headers of jujutsu kaisen sofa.jpg
[14:33:47] (HEADER) Received headers of 3xfl82pbjfc71.jpg
[14:33:47] (HEADER) Received headers of 4irtiy2f2uk71.png

[14:33:47] (INFO) Common samurai_doge.jpg
[14:33:47] (INFO) Common 103leff26t671.jpg
[14:33:47] (INFO) Common plains.jpg
[14:33:47] (INFO) Common 77756214_p0_master1200.jpg
[14:33:47] (INFO) Common itachi_sharingan.jpg
[14:33:47] (INFO) Common d95vefqn7nn71.png
[14:33:47] (INFO) Common 4irtiy2f2uk71.png
[14:33:47] (INFO) Common 36627.png
[14:33:47] (INFO) Common japanese_room.jpg
[14:33:47] (INFO) Common summer ghost.jpg
[14:33:47] (INFO) Common wp7966219-bondrewd-wallpapers.png
[14:33:47] (INFO) Common japanese_text.jpg
[14:33:47] (INFO) Common wp2821386.jpg
[14:33:47] (INFO) Common jujutsu kaisen characters.jpg
[14:33:47] (INFO) Common o0cvlefjnsp71.jpg
[14:33:47] (INFO) Common ErXlCYSVEAI8ztE Cropped.jpg
[14:33:47] (INFO) Common kyO4Q71.png
[14:33:47] (INFO) Common gmxwj1xhl2671.png
[14:33:47] (INFO) Common japan.jpeg
[14:33:47] (INFO) Uncommon up5ozmxlq3181 (copy).png
[14:33:47] (INFO) Common taming_demon.jpg
[14:33:47] (INFO) Common 880844 (copy).png
[14:33:47] (INFO) Common 36630.jpg
[14:33:47] (INFO) Common 0K8RZxC.png
[14:33:47] (INFO) Common jujutsu kaisen sofa.jpg
[14:33:47] (INFO) Common 85mlnbvttqk71.jpg
[14:33:47] (INFO) Common ErXlCYSVEAI8ztE.jpeg
[14:33:47] (INFO) Common qWyDCeu.jpg
[14:33:47] (INFO) Common 616c557bafe89.jpg
[14:33:47] (INFO) Common wind_and_trees.jpg
[14:33:47] (INFO) Common 47cctiwp4sc71.png
[14:33:47] (INFO) Common bondrewd__01.jpg
[14:33:47] (INFO) Common itachi_family.jpg
[14:33:47] (INFO) Common itachi_tree.jpg
[14:33:47] (INFO) Common Just a little more.png
[14:33:47] (INFO) Common 880844.png
[14:33:47] (INFO) Uncommon up5ozmxlq3181.png
[14:33:47] (INFO) Common uws0saeq9ql71.jpg
[14:33:47] (INFO) Common remember_us.jpg
[14:33:47] (INFO) Common tsushima.jpg
[14:33:47] (INFO) Common anime_cat_person.png
[14:33:47] (INFO) Common Sitting on the window.jpg
[14:33:47] (INFO) Common XwHUQPG.jpg
[14:33:47] (INFO) Common 3xfl82pbjfc71.jpg
[14:33:47] (INFO) Common 4213052.png
[14:33:47] (INFO) Common 36631.jpg
[14:33:47] (INFO) Common 1HP6sxe.png
[14:33:47] (INFO) Common wallpaperflare.com_wallpaper.jpg
[14:33:47] (INFO) Common MmBT7pyyb13MsSvsro2pcTfOtCIUaX1QuluRk8cEihE.jpg
[14:33:47] (INFO) Common violet_evergarden_rain.jpg
[14:33:47] (INFO) Common sal80e0a7f671.jpg

[14:33:47] (STATUS) Client needs 2 files

[14:33:47] (HEADER) Sending headers of up5ozmxlq3181.png
[14:33:47] (FILE) Sending up5ozmxlq3181.png
[14:33:47] (HEADER) Sending headers of up5ozmxlq3181 (copy).png
[14:33:47] (FILE) Sending up5ozmxlq3181 (copy).png

[14:33:47] (HEADER) Sending headers of 51 files

[14:33:47] (HEADER) Sending headers of sal80e0a7f671.jpg
[14:33:47] (HEADER) Sending headers of violet_evergarden_rain.jpg
[14:33:47] (HEADER) Sending headers of MmBT7pyyb13MsSvsro2pcTfOtCIUaX1QuluRk8cEihE.jpg
[14:33:47] (HEADER) Sending headers of wallpaperflare.com_wallpaper.jpg
[14:33:47] (HEADER) Sending headers of 1HP6sxe.png
[14:33:47] (HEADER) Sending headers of 36631.jpg
[14:33:47] (HEADER) Sending headers of 4213052.png
[14:33:47] (HEADER) Sending headers of 3xfl82pbjfc71.jpg
[14:33:47] (HEADER) Sending headers of XwHUQPG.jpg
[14:33:47] (HEADER) Sending headers of Sitting on the window.jpg
[14:33:47] (HEADER) Sending headers of anime_cat_person.png
[14:33:47] (HEADER) Sending headers of tsushima.jpg
[14:33:47] (HEADER) Sending headers of remember_us.jpg
[14:33:47] (HEADER) Sending headers of uws0saeq9ql71.jpg
[14:33:47] (HEADER) Sending headers of up5ozmxlq3181.png
[14:33:47] (HEADER) Sending headers of 880844.png
[14:33:47] (HEADER) Sending headers of Just a little more.png
[14:33:47] (HEADER) Sending headers of itachi_tree.jpg
[14:33:47] (HEADER) Sending headers of itachi_family.jpg
[14:33:47] (HEADER) Sending headers of bondrewd__01.jpg
[14:33:47] (HEADER) Sending headers of 47cctiwp4sc71.png
[14:33:47] (HEADER) Sending headers of wind_and_trees.jpg
[14:33:47] (HEADER) Sending headers of 616c557bafe89.jpg
[14:33:48] (HEADER) Sending headers of qWyDCeu.jpg
[14:33:48] (HEADER) Sending headers of ErXlCYSVEAI8ztE.jpeg
[14:33:48] (HEADER) Sending headers of 85mlnbvttqk71.jpg
[14:33:48] (HEADER) Sending headers of jujutsu kaisen sofa.jpg
[14:33:48] (HEADER) Sending headers of 0K8RZxC.png
[14:33:48] (HEADER) Sending headers of 36630.jpg
[14:33:48] (HEADER) Sending headers of 880844 (copy).png
[14:33:48] (HEADER) Sending headers of taming_demon.jpg
[14:33:48] (HEADER) Sending headers of up5ozmxlq3181 (copy).png
[14:33:48] (HEADER) Sending headers of japan.jpeg
[14:33:48] (HEADER) Sending headers of gmxwj1xhl2671.png
[14:33:48] (HEADER) Sending headers of kyO4Q71.png
[14:33:48] (HEADER) Sending headers of ErXlCYSVEAI8ztE Cropped.jpg
[14:33:48] (HEADER) Sending headers of o0cvlefjnsp71.jpg
[14:33:48] (HEADER) Sending headers of jujutsu kaisen characters.jpg
[14:33:48] (HEADER) Sending headers of wp2821386.jpg
[14:33:48] (HEADER) Sending headers of japanese_text.jpg
[14:33:48] (HEADER) Sending headers of wp7966219-bondrewd-wallpapers.png
[14:33:48] (HEADER) Sending headers of summer ghost.jpg
[14:33:48] (HEADER) Sending headers of japanese_room.jpg
[14:33:48] (HEADER) Sending headers of 36627.png
[14:33:48] (HEADER) Sending headers of 4irtiy2f2uk71.png
[14:33:48] (HEADER) Sending headers of d95vefqn7nn71.png
[14:33:48] (HEADER) Sending headers of itachi_sharingan.jpg
[14:33:48] (HEADER) Sending headers of 77756214_p0_master1200.jpg
[14:33:48] (HEADER) Sending headers of plains.jpg
[14:33:48] (HEADER) Sending headers of 103leff26t671.jpg
[14:33:48] (HEADER) Sending headers of samurai_doge.jpg

[14:33:48] (HEADER) Received headers of C Programming Language.djvu
[14:33:48] (FILE) Received C Programming Language.djvu


[14:33:48] (STATUS) Finished dealing with 192.168.1.50


[16:08:39] (STATUS) Connected to 192.168.1.50
[16:08:39] (STATUS) 192.168.1.50 will send 51 headers

[16:08:39] (HEADER) Received headers of bondrewd__01.jpg
[16:08:39] (HEADER) Received headers of 0K8RZxC.png
[16:08:39] (HEADER) Received headers of itachi_family.jpg
[16:08:39] (HEADER) Received headers of jujutsu kaisen characters.jpg
[16:08:39] (HEADER) Received headers of 47cctiwp4sc71.png
[16:08:39] (HEADER) Received headers of up5ozmxlq3181.png
[16:08:39] (HEADER) Received headers of 36631.jpg
[16:08:39] (HEADER) Received headers of Sitting on the window.jpg
[16:08:39] (HEADER) Received headers of summer ghost.jpg
[16:08:39] (HEADER) Received headers of ErXlCYSVEAI8ztE Cropped.jpg
[16:08:39] (HEADER) Received headers of 36627.png
[16:08:39] (HEADER) Received headers of XwHUQPG.jpg
[16:08:39] (HEADER) Received headers of uws0saeq9ql71.jpg
[16:08:39] (HEADER) Received headers of 880844.png
[16:08:39] (HEADER) Received headers of ErXlCYSVEAI8ztE.jpeg
[16:08:39] (HEADER) Received headers of MmBT7pyyb13MsSvsro2pcTfOtCIUaX1QuluRk8cEihE.jpg
[16:08:39] (HEADER) Received headers of 880844 (copy).png
[16:08:39] (HEADER) Received headers of qWyDCeu.jpg
[16:08:39] (HEADER) Received headers of anime_cat_person.png
[16:08:39] (HEADER) Received headers of 77756214_p0_master1200.jpg
[16:08:39] (HEADER) Received headers of samurai_doge.jpg
[16:08:39] (HEADER) Received headers of itachi_tree.jpg
[16:08:39] (HEADER) Received headers of taming_demon.jpg
[16:08:39] (HEADER) Received headers of plains.jpg
[16:08:39] (HEADER) Received headers of gmxwj1xhl2671.png
[16:08:39] (HEADER) Received headers of 1HP6sxe.png
[16:08:39] (HEADER) Received headers of wp2821386.jpg
[16:08:39] (HEADER) Received headers of up5ozmxlq3181 (copy).png
[16:08:39] (HEADER) Received headers of wp7966219-bondrewd-wallpapers.png
[16:08:39] (HEADER) Received headers of kyO4Q71.png
[16:08:39] (HEADER) Received headers of 616c557bafe89.jpg
[16:08:39] (HEADER) Received headers of sal80e0a7f671.jpg
[16:08:39] (HEADER) Received headers of japanese_room.jpg
[16:08:39] (HEADER) Received headers of 103leff26t671.jpg
[16:08:39] (HEADER) Received headers of o0cvlefjnsp71.jpg
[16:08:39] (HEADER) Received headers of 4213052.png
[16:08:39] (HEADER) Received headers of wallpaperflare.com_wallpaper.jpg
[16:08:39] (HEADER) Received headers of Just a little more.png
[16:08:39] (HEADER) Received headers of itachi_sharingan.jpg
[16:08:39] (HEADER) Received headers of tsushima.jpg
[16:08:39] (HEADER) Received headers of remember_us.jpg
[16:08:39] (HEADER) Received headers of violet_evergarden_rain.jpg
[16:08:39] (HEADER) Received headers of japanese_text.jpg
[16:08:39] (HEADER) Received headers of 85mlnbvttqk71.jpg
[16:08:39] (HEADER) Received headers of d95vefqn7nn71.png
[16:08:39] (HEADER) Received headers of japan.jpeg
[16:08:39] (HEADER) Received headers of wind_and_trees.jpg
[16:08:39] (HEADER) Received headers of 36630.jpg
[16:08:39] (HEADER) Received headers of jujutsu kaisen sofa.jpg
[16:08:39] (HEADER) Received headers of 3xfl82pbjfc71.jpg
[16:08:39] (HEADER) Received headers of 4irtiy2f2uk71.png

[16:08:39] (INFO) Common samurai_doge.jpg
[16:08:39] (INFO) Common 103leff26t671.jpg
[16:08:39] (INFO) Common plains.jpg
[16:08:39] (INFO) Common 77756214_p0_master1200.jpg
[16:08:39] (INFO) Common itachi_sharingan.jpg
[16:08:39] (INFO) Common d95vefqn7nn71.png
[16:08:39] (INFO) Common 4irtiy2f2uk71.png
[16:08:39] (INFO) Common 36627.png
[16:08:39] (INFO) Common japanese_room.jpg
[16:08:39] (INFO) Common summer ghost.jpg
[16:08:39] (INFO) Common wp7966219-bondrewd-wallpapers.png
[16:08:39] (INFO) Common japanese_text.jpg
[16:08:39] (INFO) Common wp2821386.jpg
[16:08:39] (INFO) Common jujutsu kaisen characters.jpg
[16:08:39] (INFO) Common o0cvlefjnsp71.jpg
[16:08:39] (INFO) Common ErXlCYSVEAI8ztE Cropped.jpg
[16:08:39] (INFO) Common kyO4Q71.png
[16:08:39] (INFO) Common gmxwj1xhl2671.png
[16:08:39] (INFO) Common japan.jpeg
[16:08:39] (INFO) Common up5ozmxlq3181 (copy).png
[16:08:39] (INFO) Common taming_demon.jpg
[16:08:39] (INFO) Common 880844 (copy).png
[16:08:39] (INFO) Common 36630.jpg
[16:08:39] (INFO) Common 0K8RZxC.png
[16:08:39] (INFO) Common jujutsu kaisen sofa.jpg
[16:08:39] (INFO) Common 85mlnbvttqk71.jpg
[16:08:39] (INFO) Common ErXlCYSVEAI8ztE.jpeg
[16:08:39] (INFO) Common qWyDCeu.jpg
[16:08:39] (INFO) Common 616c557bafe89.jpg
[16:08:39] (INFO) Common wind_and_trees.jpg
[16:08:39] (INFO) Common 47cctiwp4sc71.png
[16:08:39] (INFO) Common bondrewd__01.jpg
[16:08:39] (INFO) Common itachi_family.jpg
[16:08:39] (INFO) Common itachi_tree.jpg
[16:08:39] (INFO) Common Just a little more.png
[16:08:39] (INFO) Common 880844.png
[16:08:39] (INFO) Common up5ozmxlq3181.png
[16:08:39] (INFO) Uncommon Riding_bicycle.jpg
[16:08:39] (INFO) Common uws0saeq9ql71.jpg
[16:08:39] (INFO) Common remember_us.jpg
[16:08:39] (INFO) Common tsushima.jpg
[16:08:39] (INFO) Common anime_cat_person.png
[16:08:39] (INFO) Common Sitting on the window.jpg
[16:08:39] (INFO) Common XwHUQPG.jpg
[16:08:39] (INFO) Common 3xfl82pbjfc71.jpg
[16:08:39] (INFO) Common 4213052.png
[16:08:39] (INFO) Common 36631.jpg
[16:08:39] (INFO) Common 1HP6sxe.png
[16:08:39] (INFO) Common wallpaperflare.com_wallpaper.jpg
[16:08:39] (INFO) Common MmBT7pyyb13MsSvsro2pcTfOtCIUaX1QuluRk8cEihE.jpg
[16:08:39] (INFO) Common violet_evergarden_rain.jpg
[16:08:39] (INFO) Common sal80e0a7f671.jpg

[16:08:39] (STATUS) Client needs 1 files

[16:08:39] (HEADER) Sending headers of Riding_bicycle.jpg
[16:08:39] (FILE) Sending Riding_bicycle.jpg

[16:08:39] (HEADER) Sending headers of 52 files

[16:08:39] (HEADER) Sending headers of sal80e0a7f671.jpg
[16:08:39] (HEADER) Sending headers of violet_evergarden_rain.jpg
[16:08:39] (HEADER) Sending headers of MmBT7pyyb13MsSvsro2pcTfOtCIUaX1QuluRk8cEihE.jpg
[16:08:39] (HEADER) Sending headers of wallpaperflare.com_wallpaper.jpg
[16:08:39] (HEADER) Sending headers of 1HP6sxe.png
[16:08:39] (HEADER) Sending headers of 36631.jpg
[16:08:39] (HEADER) Sending headers of 4213052.png
[16:08:39] (HEADER) Sending headers of 3xfl82pbjfc71.jpg
[16:08:39] (HEADER) Sending headers of XwHUQPG.jpg
[16:08:39] (HEADER) Sending headers of Sitting on the window.jpg
[16:08:39] (HEADER) Sending headers of anime_cat_person.png
[16:08:39] (HEADER) Sending headers of tsushima.jpg
[16:08:39] (HEADER) Sending headers of remember_us.jpg
[16:08:39] (HEADER) Sending headers of uws0saeq9ql71.jpg
[16:08:39] (HEADER) Sending headers of Riding_bicycle.jpg
[16:08:39] (HEADER) Sending headers of up5ozmxlq3181.png
[16:08:39] (HEADER) Sending headers of 880844.png
[16:08:39] (HEADER) Sending headers of Just a little more.png
[16:08:39] (HEADER) Sending headers of itachi_tree.jpg
[16:08:39] (HEADER) Sending headers of itachi_family.jpg
[16:08:39] (HEADER) Sending headers of bondrewd__01.jpg
[16:08:39] (HEADER) Sending headers of 47cctiwp4sc71.png
[16:08:39] (HEADER) Sending headers of wind_and_trees.jpg
[16:08:39] (HEADER) Sending headers of 616c557bafe89.jpg
[16:08:39] (HEADER) Sending headers of qWyDCeu.jpg
[16:08:39] (HEADER) Sending headers of ErXlCYSVEAI8ztE.jpeg
[16:08:39] (HEADER) Sending headers of 85mlnbvttqk71.jpg
[16:08:39] (HEADER) Sending headers of jujutsu kaisen sofa.jpg
[16:08:39] (HEADER) Sending headers of 0K8RZxC.png
[16:08:39] (HEADER) Sending headers of 36630.jpg
[16:08:39] (HEADER) Sending headers of 880844 (copy).png
[16:08:39] (HEADER) Sending headers of taming_demon.jpg
[16:08:39] (HEADER) Sending headers of up5ozmxlq3181 (copy).png
[16:08:39] (HEADER) Sending headers of japan.jpeg
[16:08:39] (HEADER) Sending headers of gmxwj1xhl2671.png
[16:08:39] (HEADER) Sending headers of kyO4Q71.png
[16:08:39] (HEADER) Sending headers of ErXlCYSVEAI8ztE Cropped.jpg
[16:08:39] (HEADER) Sending headers of o0cvlefjnsp71.jpg
[16:08:39] (HEADER) Sending headers of jujutsu kaisen characters.jpg
[16:08:39] (HEADER) Sending headers of wp2821386.jpg
[16:08:39] (HEADER) Sending headers of japanese_text.jpg
[16:08:39] (HEADER) Sending headers of wp7966219-bondrewd-wallpapers.png
[16:08:39] (HEADER) Sending headers of summer ghost.jpg
[16:08:39] (HEADER) Sending headers of japanese_room.jpg
[16:08:39] (HEADER) Sending headers of 36627.png
[16:08:39] (HEADER) Sending headers of 4irtiy2f2uk71.png
[16:08:39] (HEADER) Sending headers of d95vefqn7nn71.png
[16:08:39] (HEADER) Sending headers of itachi_sharingan.jpg
[16:08:39] (HEADER) Sending headers of 77756214_p0_master1200.jpg
[16:08:39] (HEADER) Sending headers of plains.jpg
[16:08:39] (HEADER) Sending headers of 103leff26t671.jpg
[16:08:39] (HEADER) Sending headers of samurai_doge.jpg



[16:08:39] (STATUS) Finished dealing with 192.168.1.50


[16:08:48] (STATUS) Connected to 192.168.1.50
[16:08:48] (STATUS) 192.168.1.50 will send 52 headers

[16:08:48] (HEADER) Received headers of bondrewd__01.jpg
[16:08:48] (HEADER) Received headers of 0K8RZxC.png
[16:08:48] (HEADER) Received headers of itachi_family.jpg
[16:08:48] (HEADER) Received headers of jujutsu kaisen characters.jpg
[16:08:48] (HEADER) Received headers of 47cctiwp4sc71.png
[16:08:48] (HEADER) Received headers of up5ozmxlq3181.png
[16:08:48] (HEADER) Received headers of 36631.jpg
[16:08:48] (HEADER) Received headers of Sitting on the window.jpg
[16:08:48] (HEADER) Received headers of summer ghost.jpg
[16:08:48] (HEADER) Received headers of ErXlCYSVEAI8ztE Cropped.jpg
[16:08:48] (HEADER) Received headers of 36627.png
[16:08:48] (HEADER) Received headers of XwHUQPG.jpg
[16:08:48] (HEADER) Received headers of uws0saeq9ql71.jpg
[16:08:48] (HEADER) Received headers of 880844.png
[16:08:48] (HEADER) Received headers of ErXlCYSVEAI8ztE.jpeg
[16:08:48] (HEADER) Received headers of MmBT7pyyb13MsSvsro2pcTfOtCIUaX1QuluRk8cEihE.jpg
[16:08:48] (HEADER) Received headers of 880844 (copy).png
[16:08:48] (HEADER) Received headers of qWyDCeu.jpg
[16:08:48] (HEADER) Received headers of anime_cat_person.png
[16:08:48] (HEADER) Received headers of 77756214_p0_master1200.jpg
[16:08:48] (HEADER) Received headers of samurai_doge.jpg
[16:08:48] (HEADER) Received headers of Riding_bicycle.jpg
[16:08:48] (HEADER) Received headers of itachi_tree.jpg
[16:08:48] (HEADER) Received headers of taming_demon.jpg
[16:08:48] (HEADER) Received headers of plains.jpg
[16:08:48] (HEADER) Received headers of gmxwj1xhl2671.png
[16:08:48] (HEADER) Received headers of 1HP6sxe.png
[16:08:48] (HEADER) Received headers of wp2821386.jpg
[16:08:48] (HEADER) Received headers of up5ozmxlq3181 (copy).png
[16:08:48] (HEADER) Received headers of wp7966219-bondrewd-wallpapers.png
[16:08:48] (HEADER) Received headers of kyO4Q71.png
[16:08:48] (HEADER) Received headers of 616c557bafe89.jpg
[16:08:48] (HEADER) Received headers of sal80e0a7f671.jpg
[16:08:48] (HEADER) Received headers of japanese_room.jpg
[16:08:48] (HEADER) Received headers of 103leff26t671.jpg
[16:08:48] (HEADER) Received headers of o0cvlefjnsp71.jpg
[16:08:48] (HEADER) Received headers of 4213052.png
[16:08:48] (HEADER) Received headers of wallpaperflare.com_wallpaper.jpg
[16:08:48] (HEADER) Received headers of Just a little more.png
[16:08:48] (HEADER) Received headers of itachi_sharingan.jpg
[16:08:48] (HEADER) Received headers of tsushima.jpg
[16:08:48] (HEADER) Received headers of remember_us.jpg
[16:08:48] (HEADER) Received headers of violet_evergarden_rain.jpg
[16:08:48] (HEADER) Received headers of japanese_text.jpg
[16:08:48] (HEADER) Received headers of 85mlnbvttqk71.jpg
[16:08:48] (HEADER) Received headers of d95vefqn7nn71.png
[16:08:48] (HEADER) Received headers of japan.jpeg
[16:08:48] (HEADER) Received headers of wind_and_trees.jpg
[16:08:48] (HEADER) Received headers of 36630.jpg
[16:08:48] (HEADER) Received headers of jujutsu kaisen sofa.jpg
[16:08:48] (HEADER) Received headers of 3xfl82pbjfc71.jpg
[16:08:48] (HEADER) Received headers of 4irtiy2f2uk71.png

[16:08:48] (INFO) Common samurai_doge.jpg
[16:08:48] (INFO) Common 103leff26t671.jpg
[16:08:48] (INFO) Common plains.jpg
[16:08:48] (INFO) Common 77756214_p0_master1200.jpg
[16:08:48] (INFO) Common itachi_sharingan.jpg
[16:08:48] (INFO) Common d95vefqn7nn71.png
[16:08:48] (INFO) Common 4irtiy2f2uk71.png
[16:08:48] (INFO) Common 36627.png
[16:08:48] (INFO) Common japanese_room.jpg
[16:08:48] (INFO) Common summer ghost.jpg
[16:08:48] (INFO) Common wp7966219-bondrewd-wallpapers.png
[16:08:48] (INFO) Common japanese_text.jpg
[16:08:48] (INFO) Common wp2821386.jpg
[16:08:48] (INFO) Common jujutsu kaisen characters.jpg
[16:08:48] (INFO) Common o0cvlefjnsp71.jpg
[16:08:48] (INFO) Common ErXlCYSVEAI8ztE Cropped.jpg
[16:08:48] (INFO) Common kyO4Q71.png
[16:08:48] (INFO) Common gmxwj1xhl2671.png
[16:08:48] (INFO) Common japan.jpeg
[16:08:48] (INFO) Common up5ozmxlq3181 (copy).png
[16:08:48] (INFO) Common taming_demon.jpg
[16:08:48] (INFO) Common 880844 (copy).png
[16:08:48] (INFO) Common 36630.jpg
[16:08:48] (INFO) Common 0K8RZxC.png
[16:08:48] (INFO) Common jujutsu kaisen sofa.jpg
[16:08:48] (INFO) Common 85mlnbvttqk71.jpg
[16:08:48] (INFO) Common ErXlCYSVEAI8ztE.jpeg
[16:08:48] (INFO) Common qWyDCeu.jpg
[16:08:48] (INFO) Common 616c557bafe89.jpg
[16:08:48] (INFO) Common wind_and_trees.jpg
[16:08:49] (INFO) Common 47cctiwp4sc71.png
[16:08:49] (INFO) Common bondrewd__01.jpg
[16:08:49] (INFO) Common itachi_family.jpg
[16:08:49] (INFO) Common itachi_tree.jpg
[16:08:49] (INFO) Common Just a little more.png
[16:08:49] (INFO) Common 880844.png
[16:08:49] (INFO) Common up5ozmxlq3181.png
[16:08:49] (INFO) Common Riding_bicycle.jpg
[16:08:49] (INFO) Common uws0saeq9ql71.jpg
[16:08:49] (INFO) Common remember_us.jpg
[16:08:49] (INFO) Common tsushima.jpg
[16:08:49] (INFO) Common anime_cat_person.png
[16:08:49] (INFO) Common Sitting on the window.jpg
[16:08:49] (INFO) Common XwHUQPG.jpg
[16:08:49] (INFO) Common 3xfl82pbjfc71.jpg
[16:08:49] (INFO) Common 4213052.png
[16:08:49] (INFO) Common 36631.jpg
[16:08:49] (INFO) Common 1HP6sxe.png
[16:08:49] (INFO) Common wallpaperflare.com_wallpaper.jpg
[16:08:49] (INFO) Common MmBT7pyyb13MsSvsro2pcTfOtCIUaX1QuluRk8cEihE.jpg
[16:08:49] (INFO) Common violet_evergarden_rain.jpg
[16:08:49] (INFO) Common sal80e0a7f671.jpg

[16:08:49] (STATUS) Client needs 0 files


[16:08:49] (HEADER) Sending headers of 52 files

[16:08:49] (HEADER) Sending headers of sal80e0a7f671.jpg
[16:08:49] (HEADER) Sending headers of violet_evergarden_rain.jpg
[16:08:49] (HEADER) Sending headers of MmBT7pyyb13MsSvsro2pcTfOtCIUaX1QuluRk8cEihE.jpg
[16:08:49] (HEADER) Sending headers of wallpaperflare.com_wallpaper.jpg
[16:08:49] (HEADER) Sending headers of 1HP6sxe.png
[16:08:49] (HEADER) Sending headers of 36631.jpg
[16:08:49] (HEADER) Sending headers of 4213052.png
[16:08:49] (HEADER) Sending headers of 3xfl82pbjfc71.jpg
[16:08:49] (HEADER) Sending headers of XwHUQPG.jpg
[16:08:49] (HEADER) Sending headers of Sitting on the window.jpg
[16:08:49] (HEADER) Sending headers of anime_cat_person.png
[16:08:49] (HEADER) Sending headers of tsushima.jpg
[16:08:49] (HEADER) Sending headers of remember_us.jpg
[16:08:49] (HEADER) Sending headers of uws0saeq9ql71.jpg
[16:08:49] (HEADER) Sending headers of Riding_bicycle.jpg
[16:08:49] (HEADER) Sending headers of up5ozmxlq3181.png
[16:08:49] (HEADER) Sending headers of 880844.png
[16:08:49] (HEADER) Sending headers of Just a little more.png
[16:08:49] (HEADER) Sending headers of itachi_tree.jpg
[16:08:49] (HEADER) Sending headers of itachi_family.jpg
[16:08:49] (HEADER) Sending headers of bondrewd__01.jpg
[16:08:49] (HEADER) Sending headers of 47cctiwp4sc71.png
[16:08:49] (HEADER) Sending headers of wind_and_trees.jpg
[16:08:49] (HEADER) Sending headers of 616c557bafe89.jpg
[16:08:49] (HEADER) Sending headers of qWyDCeu.jpg
[16:08:49] (HEADER) Sending headers of ErXlCYSVEAI8ztE.jpeg
[16:08:49] (HEADER) Sending headers of 85mlnbvttqk71.jpg
[16:08:49] (HEADER) Sending headers of jujutsu kaisen sofa.jpg
[16:08:49] (HEADER) Sending headers of 0K8RZxC.png
[16:08:49] (HEADER) Sending headers of 36630.jpg
[16:08:49] (HEADER) Sending headers of 880844 (copy).png
[16:08:49] (HEADER) Sending headers of taming_demon.jpg
[16:08:49] (HEADER) Sending headers of up5ozmxlq3181 (copy).png
[16:08:49] (HEADER) Sending headers of japan.jpeg
[16:08:49] (HEADER) Sending headers of gmxwj1xhl2671.png
[16:08:49] (HEADER) Sending headers of kyO4Q71.png
[16:08:49] (HEADER) Sending headers of ErXlCYSVEAI8ztE Cropped.jpg
[16:08:49] (HEADER) Sending headers of o0cvlefjnsp71.jpg
[16:08:49] (HEADER) Sending headers of jujutsu kaisen characters.jpg
[16:08:49] (HEADER) Sending headers of wp2821386.jpg
[16:08:49] (HEADER) Sending headers of japanese_text.jpg
[16:08:49] (HEADER) Sending headers of wp7966219-bondrewd-wallpapers.png
[16:08:49] (HEADER) Sending headers of summer ghost.jpg
[16:08:49] (HEADER) Sending headers of japanese_room.jpg
[16:08:49] (HEADER) Sending headers of 36627.png
[16:08:49] (HEADER) Sending headers of 4irtiy2f2uk71.png
[16:08:49] (HEADER) Sending headers of d95vefqn7nn71.png
[16:08:49] (HEADER) Sending headers of itachi_sharingan.jpg
[16:08:49] (HEADER) Sending headers of 77756214_p0_master1200.jpg
[16:08:49] (HEADER) Sending headers of plains.jpg
[16:08:49] (HEADER) Sending headers of 103leff26t671.jpg
[16:08:49] (HEADER) Sending headers of samurai_doge.jpg



[16:08:49] (STATUS) Finished dealing with 192.168.1.50


